<?xml version="1.0" encoding="UTF-8"?>
<!-- Generated by org.testng.reporters.JUnitReportReporter -->
<testsuite skipped="0" hostname="DESKTOP-7PEAQO3" name="Test1" tests="2" failures="0" timestamp="17 Feb 2021 15:02:10 GMT" time="0.024" errors="0">
  <testcase name="tc1" time="0.004" classname="Test1"/>
  <testcase name="tc0" time="0.020" classname="Test1"/>
</testsuite> <!-- Test1 -->
